Using pre-set license
Built from '2020.2/release' branch; Version is '2020.2.2f1 (068178b99f32) revision 426360'; Using compiler version '192528614'; Build Type 'Release'
OS: 'Windows 10 Home; OS build 19042.1237; Version 2009; 64bit' Language: 'en' Physical Memory: 12208 MB
BatchMode: 1, IsHumanControllingUs: 0, StartBugReporterOnCrash: 0, Is64bit: 1, IsPro: 0

 COMMAND LINE ARGUMENTS:
C:\Users\Josh\Documents\Unity\Editors\2020.2.2f1\Editor\Unity.exe
-adb2
-batchMode
-noUpm
-name
AssetImportWorker0
-projectPath
E:/UnityProject/GitHubFiles/UtitledSpaceGameProject
-logFile
Logs/AssetImportWorker0.log
-srvPort
56026
Successfully changed project path to: E:/UnityProject/GitHubFiles/UtitledSpaceGameProject
E:/UnityProject/GitHubFiles/UtitledSpaceGameProject
Using Asset Import Pipeline V2.
Refreshing native plugins compatible for Editor in 33.87 ms, found 0 plugins.
Preloading 0 native plugins for Editor in 0.00 ms.
Initialize engine version: 2020.2.2f1 (068178b99f32)
[Subsystems] Discovering subsystems at path C:/Users/Josh/Documents/Unity/Editors/2020.2.2f1/Editor/Data/Resources/UnitySubsystems
[Subsystems] Discovering subsystems at path E:/UnityProject/GitHubFiles/UtitledSpaceGameProject/Assets
GfxDevice: creating device client; threaded=0
Direct3D:
    Version:  Direct3D 11.0 [level 11.1]
    Renderer: NVIDIA GeForce GTX 1060 6GB (ID=0x1c03)
    Vendor:   
    VRAM:     6052 MB
    Driver:   27.21.14.6192
Initialize mono
Mono path[0] = 'C:/Users/Josh/Documents/Unity/Editors/2020.2.2f1/Editor/Data/Managed'
Mono path[1] = 'C:/Users/Josh/Documents/Unity/Editors/2020.2.2f1/Editor/Data/MonoBleedingEdge/lib/mono/unityjit'
Mono config path = 'C:/Users/Josh/Documents/Unity/Editors/2020.2.2f1/Editor/Data/MonoBleedingEdge/etc'
Using monoOptions --debugger-agent=transport=dt_socket,embedding=1,server=y,suspend=n,address=127.0.0.1:56828
Begin MonoManager ReloadAssembly
Registering precompiled unity dll's ...
Register platform support module: C:/Users/Josh/Documents/Unity/Editors/2020.2.2f1/Editor/Data/PlaybackEngines/WebGLSupport/UnityEditor.WebGL.Extensions.dll
Register platform support module: C:/Users/Josh/Documents/Unity/Editors/2020.2.2f1/Editor/Data/PlaybackEngines/WindowsStandaloneSupport/UnityEditor.WindowsStandalone.Extensions.dll
Registered in 0.006462 seconds.
Native extension for WindowsStandalone target not found
Native extension for WebGL target not found
Refreshing native plugins compatible for Editor in 37.70 ms, found 0 plugins.
Preloading 0 native plugins for Editor in 0.00 ms.
Invoked RoslynAnalysisRunner static constructor.
RoslynAnalysisRunner will not be running.
RoslynAnalysisRunner has terminated.
Mono: successfully reloaded assembly
- Completed reload, in  3.336 seconds
Platform modules already initialized, skipping
Registering precompiled user dll's ...
Registered in 0.001024 seconds.
Begin MonoManager ReloadAssembly
Native extension for WindowsStandalone target not found
Native extension for WebGL target not found
Refreshing native plugins compatible for Editor in 0.31 ms, found 0 plugins.
Preloading 0 native plugins for Editor in 0.00 ms.
Invoked RoslynAnalysisRunner static constructor.
RoslynAnalysisRunner will not be running.
RoslynAnalysisRunner has terminated.
Mono: successfully reloaded assembly
- Completed reload, in  1.385 seconds
Platform modules already initialized, skipping
========================================================================
Worker process is ready to serve import requests
Launched and connected shader compiler UnityShaderCompiler.exe after 0.09 seconds
Refreshing native plugins compatible for Editor in 0.20 ms, found 0 plugins.
Preloading 0 native plugins for Editor in 0.00 ms.
Unloading 1099 Unused Serialized files (Serialized files now loaded: 0)
System memory in use before: 56.5 MB.
System memory in use after: 56.5 MB.

Unloading 10 unused Assets to reduce memory usage. Loaded Objects now: 1540.
Total: 2.564800 ms (FindLiveObjects: 0.294700 ms CreateObjectMapping: 0.222500 ms MarkObjects: 1.939300 ms  DeleteObjects: 0.106800 ms)

========================================================================
Received Import Request.
  path: Assets/UntitledSpaceGame
  artifactKey: Guid(5566d5fb103e7074ca430e60a11e8511) Importer(815301076,1909f56bfc062723c751e8b465ee728b)
Start importing Assets/UntitledSpaceGame using Guid(5566d5fb103e7074ca430e60a11e8511) Importer(815301076,1909f56bfc062723c751e8b465ee728b)  -> (artifact id: '2a3a73be0f9acb20aa687d64c13e6284') in 0.019707 seconds
  Import took 0.022353 seconds .

========================================================================
Received Import Request.
  Time since last request: 6.388514 seconds.
  path: Assets/UntitledSpaceGame/Testing
  artifactKey: Guid(3d6ffb32b1d910844b119d21ccf788ba) Importer(815301076,1909f56bfc062723c751e8b465ee728b)
Start importing Assets/UntitledSpaceGame/Testing using Guid(3d6ffb32b1d910844b119d21ccf788ba) Importer(815301076,1909f56bfc062723c751e8b465ee728b)  -> (artifact id: '062af83c1845200ec7a0462444f3ce2e') in 0.015859 seconds
  Import took 0.018732 seconds .

========================================================================
Received Import Request.
  Time since last request: 4.362057 seconds.
  path: Assets/UntitledSpaceGame/Models
  artifactKey: Guid(ec04bf1febcdcfd4198a06a3ec16a02b) Importer(815301076,1909f56bfc062723c751e8b465ee728b)
Start importing Assets/UntitledSpaceGame/Models using Guid(ec04bf1febcdcfd4198a06a3ec16a02b) Importer(815301076,1909f56bfc062723c751e8b465ee728b)  -> (artifact id: '1214395a1a069027c6152aa1a2c51efc') in 0.017438 seconds
  Import took 0.020787 seconds .

========================================================================
Received Import Request.
  Time since last request: 7.194825 seconds.
  path: Assets/UntitledSpaceGame/Prefabs
  artifactKey: Guid(198dc19cfc0248249a3c203e2dc4d0e9) Importer(815301076,1909f56bfc062723c751e8b465ee728b)
Start importing Assets/UntitledSpaceGame/Prefabs using Guid(198dc19cfc0248249a3c203e2dc4d0e9) Importer(815301076,1909f56bfc062723c751e8b465ee728b)  -> (artifact id: '956c996b345a7e81ba60f396096d826c') in 0.012864 seconds
  Import took 0.019413 seconds .

========================================================================
Received Import Request.
  Time since last request: 10.042518 seconds.
  path: Assets/UntitledSpaceGame/Sprites
  artifactKey: Guid(6f8a56701ba1c6d4b9950ec80b74c3e9) Importer(815301076,1909f56bfc062723c751e8b465ee728b)
Start importing Assets/UntitledSpaceGame/Sprites using Guid(6f8a56701ba1c6d4b9950ec80b74c3e9) Importer(815301076,1909f56bfc062723c751e8b465ee728b)  -> (artifact id: '1d02adf7df2d4a71235149dab445db00') in 0.012926 seconds
  Import took 0.015712 seconds .

========================================================================
Received Import Request.
  Time since last request: 634.212041 seconds.
  path: Assets/UntitledSpaceGame/Scenes/SampleScene.unity
  artifactKey: Guid(9fc0d4010bbf28b4594072e72b8655ab) Importer(815301076,1909f56bfc062723c751e8b465ee728b)
Start importing Assets/UntitledSpaceGame/Scenes/SampleScene.unity using Guid(9fc0d4010bbf28b4594072e72b8655ab) Importer(815301076,1909f56bfc062723c751e8b465ee728b)  -> (artifact id: '9831e44e2a700a6e1119228b2d38e767') in 0.035242 seconds
  Import took 0.047203 seconds .

========================================================================
Received Import Request.
  Time since last request: 4.303683 seconds.
  path: Assets/UntitledSpaceGame/Scenes
  artifactKey: Guid(056004ce804dc2645ad2aa983406f4c6) Importer(815301076,1909f56bfc062723c751e8b465ee728b)
Start importing Assets/UntitledSpaceGame/Scenes using Guid(056004ce804dc2645ad2aa983406f4c6) Importer(815301076,1909f56bfc062723c751e8b465ee728b)  -> (artifact id: '8885c918b2cb784620827300a930c9fc') in 0.017191 seconds
  Import took 0.019485 seconds .

========================================================================
Received Import Request.
  Time since last request: 9.634939 seconds.
  path: Assets/UntitledSpaceGame/Scenes/PrototypingScene.unity
  artifactKey: Guid(06a1b4ac2111faf468c8d7ffb8c010ce) Importer(815301076,1909f56bfc062723c751e8b465ee728b)
Start importing Assets/UntitledSpaceGame/Scenes/PrototypingScene.unity using Guid(06a1b4ac2111faf468c8d7ffb8c010ce) Importer(815301076,1909f56bfc062723c751e8b465ee728b)  -> (artifact id: '50536f6329cc68bc33c14f480df8374f') in 0.012254 seconds
  Import took 0.014530 seconds .

========================================================================
Received Import Request.
  Time since last request: 18.177870 seconds.
  path: Assets
  artifactKey: Guid(00000000000000001000000000000000) Importer(815301076,1909f56bfc062723c751e8b465ee728b)
Start importing Assets using Guid(00000000000000001000000000000000) Importer(815301076,1909f56bfc062723c751e8b465ee728b)  -> (artifact id: '4a6e520b92ccfc61bcfa21a7bcab8468') in 0.011009 seconds
  Import took 0.016272 seconds .

